<?xml version="1.0" encoding="UTF-8"?>
<!-- Generated by org.testng.reporters.JUnitReportReporter -->
<testsuite hostname="Piyadasa-PC" failures="0" tests="3" name="appiumtestdemo.GoogleSearchTests" time="39.947" errors="0" timestamp="15 Jul 2019 08:40:05 GMT" skipped="0">
  <testcase classname="appiumtestdemo.GoogleSearchTests" name="googleTextSearch" time="15.411"/>
  <testcase classname="appiumtestdemo.GoogleSearchTests" name="googleNavigatetoImagesSearchList" time="7.289"/>
  <testcase classname="appiumtestdemo.GoogleSearchTests" name="navigatetoSearchResult" time="17.247"/>
</testsuite> <!-- appiumtestdemo.GoogleSearchTests -->
